Determining if the pthread_create exist failed with the following output:
Change Dir: /tmp/muduo/build/CMakeFiles/CMakeTmp

Run Build Command:"/usr/bin/gmake" "cmTC_948ba/fast"
/usr/bin/gmake -f CMakeFiles/cmTC_948ba.dir/build.make CMakeFiles/cmTC_948ba.dir/build
gmake[1]: Entering directory '/tmp/muduo/build/CMakeFiles/CMakeTmp'
Building C object CMakeFiles/cmTC_948ba.dir/CheckSymbolExists.c.o
/usr/bin/cc    -o CMakeFiles/cmTC_948ba.dir/CheckSymbolExists.c.o   -c /tmp/muduo/build/CMakeFiles/CMakeTmp/CheckSymbolExists.c
Linking C executable cmTC_948ba
/usr/bin/cmake -E cmake_link_script CMakeFiles/cmTC_948ba.dir/link.txt --verbose=1
/usr/bin/cc      -rdynamic CMakeFiles/cmTC_948ba.dir/CheckSymbolExists.c.o  -o cmTC_948ba 
CMakeFiles/cmTC_948ba.dir/CheckSymbolExists.c.o: In function `main':
CheckSymbolExists.c:(.text+0x16): undefined reference to `pthread_create'
collect2: error: ld returned 1 exit status
gmake[1]: *** [CMakeFiles/cmTC_948ba.dir/build.make:87: cmTC_948ba] Error 1
gmake[1]: Leaving directory '/tmp/muduo/build/CMakeFiles/CMakeTmp'
gmake: *** [Makefile:126: cmTC_948ba/fast] Error 2

File /tmp/muduo/build/CMakeFiles/CMakeTmp/CheckSymbolExists.c:
/* */
#include <pthread.h>

int main(int argc, char** argv)
{
  (void)argv;
#ifndef pthread_create
  return ((int*)(&pthread_create))[argc];
#else
  (void)argc;
  return 0;
#endif
}

Determining if the function pthread_create exists in the pthreads failed with the following output:
Change Dir: /tmp/muduo/build/CMakeFiles/CMakeTmp

Run Build Command:"/usr/bin/gmake" "cmTC_7dedd/fast"
/usr/bin/gmake -f CMakeFiles/cmTC_7dedd.dir/build.make CMakeFiles/cmTC_7dedd.dir/build
gmake[1]: Entering directory '/tmp/muduo/build/CMakeFiles/CMakeTmp'
Building C object CMakeFiles/cmTC_7dedd.dir/CheckFunctionExists.c.o
/usr/bin/cc   -DCHECK_FUNCTION_EXISTS=pthread_create   -o CMakeFiles/cmTC_7dedd.dir/CheckFunctionExists.c.o   -c /usr/share/cmake/Modules/CheckFunctionExists.c
Linking C executable cmTC_7dedd
/usr/bin/cmake -E cmake_link_script CMakeFiles/cmTC_7dedd.dir/link.txt --verbose=1
/usr/bin/cc  -DCHECK_FUNCTION_EXISTS=pthread_create    -rdynamic CMakeFiles/cmTC_7dedd.dir/CheckFunctionExists.c.o  -o cmTC_7dedd -lpthreads 
/usr/bin/ld: cannot find -lpthreads
collect2: error: ld returned 1 exit status
gmake[1]: *** [CMakeFiles/cmTC_7dedd.dir/build.make:87: cmTC_7dedd] Error 1
gmake[1]: Leaving directory '/tmp/muduo/build/CMakeFiles/CMakeTmp'
gmake: *** [Makefile:126: cmTC_7dedd/fast] Error 2


